[debug] [2022-06-22T00:14:47.707Z] ----------------------------------------------------------------------
[debug] [2022-06-22T00:14:47.709Z] Command:       C:\Program Files\nodejs\node.exe C:\Users\smatzouranis\AppData\Roaming\npm\node_modules\firebase-tools\lib\bin\firebase.js deploy
[debug] [2022-06-22T00:14:47.709Z] CLI Version:   9.20.0
[debug] [2022-06-22T00:14:47.709Z] Platform:      win32
[debug] [2022-06-22T00:14:47.709Z] Node Version:  v14.17.3
[debug] [2022-06-22T00:14:47.710Z] Time:          Wed Jun 22 2022 03:14:47 GMT+0300 (Eastern European Summer Time)
[debug] [2022-06-22T00:14:47.710Z] ----------------------------------------------------------------------
[debug] 
[debug] [2022-06-22T00:14:47.749Z] > command requires scopes: ["email","openid","https://www.googleapis.com/auth/cloudplatformprojects.readonly","https://www.googleapis.com/auth/firebase","https://www.googleapis.com/auth/cloud-platform"]
[debug] [2022-06-22T00:14:47.749Z] > authorizing via signed-in user (sevastosmatzouranis@gmail.com)
[debug] [2022-06-22T00:14:47.749Z] [iam] checking project wog-react for permissions ["firebase.projects.get","firebasehosting.sites.update"]
[debug] [2022-06-22T00:14:47.751Z] >>> HTTP REQUEST POST https://cloudresourcemanager.googleapis.com/v1/projects/wog-react:testIamPermissions  
 {"permissions":["firebase.projects.get","firebasehosting.sites.update"]}
[debug] [2022-06-22T00:14:48.692Z] <<< HTTP RESPONSE 200 {"content-type":"application/json; charset=UTF-8","vary":"X-Origin, Referer, Origin,Accept-Encoding","date":"Wed, 22 Jun 2022 00:13:55 GMT","server":"ESF","cache-control":"private","x-xss-protection":"0","x-frame-options":"SAMEORIGIN","x-content-type-options":"nosniff","server-timing":"gfet4t7; dur=763","alt-svc":"h3=\":443\"; ma=2592000,h3-29=\":443\"; ma=2592000,h3-Q050=\":443\"; ma=2592000,h3-Q046=\":443\"; ma=2592000,h3-Q043=\":443\"; ma=2592000,quic=\":443\"; ma=2592000; v=\"46,43\"","accept-ranges":"none","transfer-encoding":"chunked"}
[debug] [2022-06-22T00:14:48.694Z] > refreshing access token with scopes: []
[debug] [2022-06-22T00:14:48.694Z] >>> HTTP REQUEST POST https://www.googleapis.com/oauth2/v3/token  
 <request body omitted>
[debug] [2022-06-22T00:14:48.881Z] <<< HTTP RESPONSE 200 {"date":"Wed, 22 Jun 2022 00:13:55 GMT","expires":"Mon, 01 Jan 1990 00:00:00 GMT","pragma":"no-cache","cache-control":"no-cache, no-store, max-age=0, must-revalidate","content-type":"application/json; charset=utf-8","vary":"X-Origin, Referer, Origin,Accept-Encoding","server":"scaffolding on HTTPServer2","x-xss-protection":"0","x-frame-options":"SAMEORIGIN","x-content-type-options":"nosniff","alt-svc":"h3=\":443\"; ma=2592000,h3-29=\":443\"; ma=2592000,h3-Q050=\":443\"; ma=2592000,h3-Q046=\":443\"; ma=2592000,h3-Q043=\":443\"; ma=2592000,quic=\":443\"; ma=2592000; v=\"46,43\"","accept-ranges":"none","transfer-encoding":"chunked"}
[debug] [2022-06-22T00:14:48.895Z] >>> [apiv2][query] GET https://firebase.googleapis.com/v1beta1/projects/wog-react [none]
[debug] [2022-06-22T00:14:49.293Z] <<< [apiv2][status] GET https://firebase.googleapis.com/v1beta1/projects/wog-react 200
[debug] [2022-06-22T00:14:49.293Z] <<< [apiv2][body] GET https://firebase.googleapis.com/v1beta1/projects/wog-react {"projectId":"wog-react","projectNumber":"729462152189","displayName":"wog-react","name":"projects/wog-react","resources":{"hostingSite":"wog-react","realtimeDatabaseInstance":"wog-react"},"state":"ACTIVE"}
[info] 
[info] === Deploying to 'wog-react'...
[info] 
[info] i  deploying hosting 
[debug] [2022-06-22T00:14:49.298Z] > refreshing access token with scopes: ["email","https://www.googleapis.com/auth/cloud-platform","https://www.googleapis.com/auth/cloudplatformprojects.readonly","https://www.googleapis.com/auth/firebase","openid"]
[debug] [2022-06-22T00:14:49.298Z] >>> HTTP REQUEST POST https://www.googleapis.com/oauth2/v3/token  
 <request body omitted>
[debug] [2022-06-22T00:14:49.454Z] <<< HTTP RESPONSE 200 {"pragma":"no-cache","expires":"Mon, 01 Jan 1990 00:00:00 GMT","cache-control":"no-cache, no-store, max-age=0, must-revalidate","date":"Wed, 22 Jun 2022 00:13:56 GMT","content-type":"application/json; charset=utf-8","vary":"X-Origin, Referer, Origin,Accept-Encoding","server":"scaffolding on HTTPServer2","x-xss-protection":"0","x-frame-options":"SAMEORIGIN","x-content-type-options":"nosniff","alt-svc":"h3=\":443\"; ma=2592000,h3-29=\":443\"; ma=2592000,h3-Q050=\":443\"; ma=2592000,h3-Q046=\":443\"; ma=2592000,h3-Q043=\":443\"; ma=2592000,quic=\":443\"; ma=2592000; v=\"46,43\"","accept-ranges":"none","transfer-encoding":"chunked"}
[debug] [2022-06-22T00:14:49.474Z] >>> HTTP REQUEST POST https://firebasehosting.googleapis.com/v1beta1/sites/wog-react/versions  
 {"config":{"rewrites":[{"glob":"**","path":"/index.html"}]},"labels":{"deployment-tool":"cli-firebase"}}
[debug] [2022-06-22T00:14:51.075Z] <<< HTTP RESPONSE 200 {"content-type":"application/json; charset=UTF-8","vary":"X-Origin, Referer, Origin,Accept-Encoding","date":"Wed, 22 Jun 2022 00:13:57 GMT","server":"ESF","cache-control":"private","x-xss-protection":"0","x-frame-options":"SAMEORIGIN","x-content-type-options":"nosniff","alt-svc":"h3=\":443\"; ma=2592000,h3-29=\":443\"; ma=2592000,h3-Q050=\":443\"; ma=2592000,h3-Q046=\":443\"; ma=2592000,h3-Q043=\":443\"; ma=2592000,quic=\":443\"; ma=2592000; v=\"46,43\"","accept-ranges":"none","transfer-encoding":"chunked"}
[info] i  hosting[wog-react]: beginning deploy... 
[info] i  hosting[wog-react]: found 23 files in build 
[debug] [2022-06-22T00:14:51.490Z] > refreshing access token with scopes: []
[debug] [2022-06-22T00:14:51.490Z] >>> HTTP REQUEST POST https://www.googleapis.com/oauth2/v3/token  
 <request body omitted>
[debug] [2022-06-22T00:14:51.491Z] [hosting] hash cache [YnVpbGQ] stored for 23 files
[debug] [2022-06-22T00:14:51.492Z] [hosting][hash queue][FINAL] {"max":397,"min":2,"avg":31.47826086956522,"active":0,"complete":23,"success":23,"errored":0,"retried":0,"total":23,"elapsed":404}
[debug] [2022-06-22T00:14:51.646Z] <<< HTTP RESPONSE 200 {"date":"Wed, 22 Jun 2022 00:13:58 GMT","pragma":"no-cache","cache-control":"no-cache, no-store, max-age=0, must-revalidate","expires":"Mon, 01 Jan 1990 00:00:00 GMT","content-type":"application/json; charset=utf-8","vary":"X-Origin, Referer, Origin,Accept-Encoding","server":"scaffolding on HTTPServer2","x-xss-protection":"0","x-frame-options":"SAMEORIGIN","x-content-type-options":"nosniff","alt-svc":"h3=\":443\"; ma=2592000,h3-29=\":443\"; ma=2592000,h3-Q050=\":443\"; ma=2592000,h3-Q046=\":443\"; ma=2592000,h3-Q043=\":443\"; ma=2592000,quic=\":443\"; ma=2592000; v=\"46,43\"","accept-ranges":"none","transfer-encoding":"chunked"}
[debug] [2022-06-22T00:14:51.655Z] >>> [apiv2][query] POST https://firebasehosting.googleapis.com/v1beta1/sites/wog-react/versions/57e8f63ddb000b0c:populateFiles [none]
[debug] [2022-06-22T00:14:51.655Z] >>> [apiv2][body] POST https://firebasehosting.googleapis.com/v1beta1/sites/wog-react/versions/57e8f63ddb000b0c:populateFiles {"files":{"/favicon.ico":"eae62e993eb980ec8a25058c39d5a51feab118bd2100c4deebb2a9c158ec11f9","/logo192.png":"3ee59515172ee198f3be375979df15ac5345183e656720a381b8872b2a39dc8b","/logo512.png":"ee7e2f3fdb8209c4b6fd7bef6ba50d1b9dba30a25bb5c3126df057e1cb6f5331","/manifest.json":"553cf14a22d8166508701304c26b9ecbd07312273e8163b817b6d4f23bec8507","/robots.txt":"53d2dcecb15666b4f7db4041361d3b6ea115483937dd38b66216deda98adaa4a","/asset-manifest.json":"bacac74a67fcc7c47e00ed056b198442826c987c0595f2ee0ca4d8690ed33386","/precache-manifest.7ea49857e10ccc6f6ac4530522f21d52.js":"2d4e380e67a5f36562af4a5116e083199bbb14f2e9741fca443025ce516f06c2","/index.html":"201869aeaac0ecd1c1a4a1e6f252fc68f7b57a9853d3a4ea1627406e34b4c09e","/service-worker.js":"1735c965a7be2a7eed27d915c968686880ca85a6b9ba4684788c2b4249732837","/static/css/main.5e6d1b86.chunk.css":"d91ae76347f5ccabfb4778ff8a4710fc063f19ca1cfb2c2492f5f12eeb07303b","/static/css/main.5e6d1b86.chunk.css.map":"8c2ef408d0f316ca1df65079e32bc657b39c0511a491d30e75311788c5f3655d","/static/js/runtime~main.da0a1b07.js":"27d23d037d1bed04018c04767e7716852bf91ccb7462f8c34ee9c991ff3186c4","/static/js/main.1dff05a4.chunk.js":"0d005e52b996ce8c9ec96ebb196e72029a140076d72882af3a771d62d274f686","/static/js/runtime~main.da0a1b07.js.map":"37ff29f03bb411b775fea0eee1224c1cc73dfd4e96907f464515226b645de990","/static/media/arrow.76afb11d.svg":"62b5b0a881fe0e74698c683454ce28d46122f2c37db5e73cb042e506151c31c8","/static/media/download.963b58a4.svg":"b7f165f063606d44693d82b53d3058b755bbf8576fdc73438dcc558cfad053dd","/static/media/listen.fa58675c.svg":"c9fd630a4ff03be2e7c7fe878163a180a6f795816b8bc8255f9eca5cc38ee469","/static/css/2.b3c09779.chunk.css":"21add5c51fde630b6eac2dcb36a99ae227f706b7ddabd6dffffa602362baaf7b","/static/media/logo.efe8290e.svg":"61dbe50e0b5d6665125660ec30f297436028537ff89694621cbd876962b30061","/static/js/main.1dff05a4.chunk.js.map":"151b06f74abdba4d29af673359376a86a6fafff938525ac4da6f1892933a1475","/static/css/2.b3c09779.chunk.css.map":"f31030a51af946fb280e5e4a9451fb5767ddc96914f9df15989af7934d5d268d","/static/js/2.a7511a95.chunk.js":"49b735c034bd2e64c6e5c7bf83df5d0e21c458153723b306000acfc9faf1cd51","/static/js/2.a7511a95.chunk.js.map":"e5f82ffd248c0f47c4a7d9fc35cb677e5938a7c868e298b194e1771d432f4911"}}
[debug] [2022-06-22T00:14:52.991Z] <<< [apiv2][status] POST https://firebasehosting.googleapis.com/v1beta1/sites/wog-react/versions/57e8f63ddb000b0c:populateFiles 200
[debug] [2022-06-22T00:14:52.991Z] <<< [apiv2][body] POST https://firebasehosting.googleapis.com/v1beta1/sites/wog-react/versions/57e8f63ddb000b0c:populateFiles {"uploadRequiredHashes":["bacac74a67fcc7c47e00ed056b198442826c987c0595f2ee0ca4d8690ed33386","2d4e380e67a5f36562af4a5116e083199bbb14f2e9741fca443025ce516f06c2","201869aeaac0ecd1c1a4a1e6f252fc68f7b57a9853d3a4ea1627406e34b4c09e","0d005e52b996ce8c9ec96ebb196e72029a140076d72882af3a771d62d274f686","151b06f74abdba4d29af673359376a86a6fafff938525ac4da6f1892933a1475","1735c965a7be2a7eed27d915c968686880ca85a6b9ba4684788c2b4249732837"],"uploadUrl":"https://upload-firebasehosting.googleapis.com/upload/sites/wog-react/versions/57e8f63ddb000b0c/files"}
[debug] [2022-06-22T00:14:52.993Z] >>> [apiv2][query] POST https://upload-firebasehosting.googleapis.com/upload/sites/wog-react/versions/57e8f63ddb000b0c/files/bacac74a67fcc7c47e00ed056b198442826c987c0595f2ee0ca4d8690ed33386 [none]
[debug] [2022-06-22T00:14:52.993Z] >>> [apiv2][body] POST https://upload-firebasehosting.googleapis.com/upload/sites/wog-react/versions/57e8f63ddb000b0c/files/bacac74a67fcc7c47e00ed056b198442826c987c0595f2ee0ca4d8690ed33386 [stream]
[debug] [2022-06-22T00:14:52.995Z] >>> [apiv2][query] POST https://upload-firebasehosting.googleapis.com/upload/sites/wog-react/versions/57e8f63ddb000b0c/files/2d4e380e67a5f36562af4a5116e083199bbb14f2e9741fca443025ce516f06c2 [none]
[debug] [2022-06-22T00:14:52.995Z] >>> [apiv2][body] POST https://upload-firebasehosting.googleapis.com/upload/sites/wog-react/versions/57e8f63ddb000b0c/files/2d4e380e67a5f36562af4a5116e083199bbb14f2e9741fca443025ce516f06c2 [stream]
[debug] [2022-06-22T00:14:52.996Z] >>> [apiv2][query] POST https://upload-firebasehosting.googleapis.com/upload/sites/wog-react/versions/57e8f63ddb000b0c/files/201869aeaac0ecd1c1a4a1e6f252fc68f7b57a9853d3a4ea1627406e34b4c09e [none]
[debug] [2022-06-22T00:14:52.996Z] >>> [apiv2][body] POST https://upload-firebasehosting.googleapis.com/upload/sites/wog-react/versions/57e8f63ddb000b0c/files/201869aeaac0ecd1c1a4a1e6f252fc68f7b57a9853d3a4ea1627406e34b4c09e [stream]
[debug] [2022-06-22T00:14:52.997Z] >>> [apiv2][query] POST https://upload-firebasehosting.googleapis.com/upload/sites/wog-react/versions/57e8f63ddb000b0c/files/0d005e52b996ce8c9ec96ebb196e72029a140076d72882af3a771d62d274f686 [none]
[debug] [2022-06-22T00:14:52.997Z] >>> [apiv2][body] POST https://upload-firebasehosting.googleapis.com/upload/sites/wog-react/versions/57e8f63ddb000b0c/files/0d005e52b996ce8c9ec96ebb196e72029a140076d72882af3a771d62d274f686 [stream]
[debug] [2022-06-22T00:14:52.999Z] >>> [apiv2][query] POST https://upload-firebasehosting.googleapis.com/upload/sites/wog-react/versions/57e8f63ddb000b0c/files/151b06f74abdba4d29af673359376a86a6fafff938525ac4da6f1892933a1475 [none]
[debug] [2022-06-22T00:14:53.000Z] >>> [apiv2][body] POST https://upload-firebasehosting.googleapis.com/upload/sites/wog-react/versions/57e8f63ddb000b0c/files/151b06f74abdba4d29af673359376a86a6fafff938525ac4da6f1892933a1475 [stream]
[debug] [2022-06-22T00:14:53.001Z] >>> [apiv2][query] POST https://upload-firebasehosting.googleapis.com/upload/sites/wog-react/versions/57e8f63ddb000b0c/files/1735c965a7be2a7eed27d915c968686880ca85a6b9ba4684788c2b4249732837 [none]
[debug] [2022-06-22T00:14:53.001Z] >>> [apiv2][body] POST https://upload-firebasehosting.googleapis.com/upload/sites/wog-react/versions/57e8f63ddb000b0c/files/1735c965a7be2a7eed27d915c968686880ca85a6b9ba4684788c2b4249732837 [stream]
[debug] [2022-06-22T00:14:53.002Z] [hosting][populate queue][FINAL] {"max":1503,"min":1503,"avg":1503,"active":0,"complete":1,"success":1,"errored":0,"retried":0,"total":1,"elapsed":1512}
[debug] [2022-06-22T00:14:53.002Z] [hosting] uploads queued: 6
[debug] [2022-06-22T00:14:54.276Z] <<< [apiv2][status] POST https://upload-firebasehosting.googleapis.com/upload/sites/wog-react/versions/57e8f63ddb000b0c/files/2d4e380e67a5f36562af4a5116e083199bbb14f2e9741fca443025ce516f06c2 200
[debug] [2022-06-22T00:14:54.277Z] <<< [apiv2][body] POST https://upload-firebasehosting.googleapis.com/upload/sites/wog-react/versions/57e8f63ddb000b0c/files/2d4e380e67a5f36562af4a5116e083199bbb14f2e9741fca443025ce516f06c2 [stream]
[debug] [2022-06-22T00:14:54.335Z] <<< [apiv2][status] POST https://upload-firebasehosting.googleapis.com/upload/sites/wog-react/versions/57e8f63ddb000b0c/files/201869aeaac0ecd1c1a4a1e6f252fc68f7b57a9853d3a4ea1627406e34b4c09e 200
[debug] [2022-06-22T00:14:54.335Z] <<< [apiv2][body] POST https://upload-firebasehosting.googleapis.com/upload/sites/wog-react/versions/57e8f63ddb000b0c/files/201869aeaac0ecd1c1a4a1e6f252fc68f7b57a9853d3a4ea1627406e34b4c09e [stream]
[debug] [2022-06-22T00:14:54.346Z] <<< [apiv2][status] POST https://upload-firebasehosting.googleapis.com/upload/sites/wog-react/versions/57e8f63ddb000b0c/files/0d005e52b996ce8c9ec96ebb196e72029a140076d72882af3a771d62d274f686 200
[debug] [2022-06-22T00:14:54.346Z] <<< [apiv2][body] POST https://upload-firebasehosting.googleapis.com/upload/sites/wog-react/versions/57e8f63ddb000b0c/files/0d005e52b996ce8c9ec96ebb196e72029a140076d72882af3a771d62d274f686 [stream]
[debug] [2022-06-22T00:14:54.367Z] <<< [apiv2][status] POST https://upload-firebasehosting.googleapis.com/upload/sites/wog-react/versions/57e8f63ddb000b0c/files/151b06f74abdba4d29af673359376a86a6fafff938525ac4da6f1892933a1475 200
[debug] [2022-06-22T00:14:54.367Z] <<< [apiv2][body] POST https://upload-firebasehosting.googleapis.com/upload/sites/wog-react/versions/57e8f63ddb000b0c/files/151b06f74abdba4d29af673359376a86a6fafff938525ac4da6f1892933a1475 [stream]
[debug] [2022-06-22T00:14:54.412Z] <<< [apiv2][status] POST https://upload-firebasehosting.googleapis.com/upload/sites/wog-react/versions/57e8f63ddb000b0c/files/bacac74a67fcc7c47e00ed056b198442826c987c0595f2ee0ca4d8690ed33386 200
[debug] [2022-06-22T00:14:54.412Z] <<< [apiv2][body] POST https://upload-firebasehosting.googleapis.com/upload/sites/wog-react/versions/57e8f63ddb000b0c/files/bacac74a67fcc7c47e00ed056b198442826c987c0595f2ee0ca4d8690ed33386 [stream]
